2023-10-19 15:23:36,646 DEBUG    root            Loaded Command Group: ['gcloud', 'config']
2023-10-19 15:23:36,649 DEBUG    root            Loaded Command Group: ['gcloud', 'config', 'config_helper']
2023-10-19 15:23:36,652 DEBUG    root            Running [gcloud.config.config-helper] with arguments: [--format: "json", --quiet: "True", --verbosity: "warning"]
2023-10-19 15:23:36,667 DEBUG    google.auth.transport.requests Making request: GET http://metadata.google.internal/computeMetadata/v1/instance/service-accounts/gioiaseguros@gmail.com/?recursive=true
2023-10-19 15:23:36,670 DEBUG    urllib3.connectionpool Starting new HTTP connection (1): metadata.google.internal:80
2023-10-19 15:23:36,672 DEBUG    urllib3.connectionpool http://metadata.google.internal:80 "GET /computeMetadata/v1/instance/service-accounts/gioiaseguros@gmail.com/?recursive=true HTTP/1.1" 200 None
2023-10-19 15:23:36,673 DEBUG    google.auth.transport.requests Making request: GET http://metadata.google.internal/computeMetadata/v1/instance/service-accounts/gioiaseguros@gmail.com/token
2023-10-19 15:23:36,674 DEBUG    urllib3.connectionpool Resetting dropped connection: metadata.google.internal
2023-10-19 15:23:36,676 DEBUG    urllib3.connectionpool http://metadata.google.internal:80 "GET /computeMetadata/v1/instance/service-accounts/gioiaseguros@gmail.com/token HTTP/1.1" 200 None
2023-10-19 15:23:36,687 DEBUG    root            Chosen display Format:default json
2023-10-19 15:23:36,688 INFO     root            Display format: "default json"
2023-10-19 15:23:36,688 INFO     ___FILE_ONLY___ {
  "configuration": {
    "active_configuration": "default",
    "properties": {
      "accessibility": {
        "screen_reader": "True"
      },
      "component_manager": {
        "disable_update_check": "True"
      },
      "compute": {
        "gce_metadata_read_timeout_sec": "30"
      },
      "container": {
        "use_application_default_credentials": "true"
      },
      "core": {
        "account": "gioiaseguros@gmail.com",
        "disable_prompts": "True",
        "disable_usage_reporting": "True",
        "print_unhandled_tracebacks": "true",
        "verbosity": "warning"
      },
      "metrics": {
        "environment": "cloudcode.vscode",
        "environment_version": "1.21.4"
      }
    }
  },
  "credential": {
    "access_token": "ya29.a0AfB_byB3Kvo8Z82RnW_HiLTyWvDxF4_9mfHXUbd9qzEROJHDRnsf4p6zxsOuqBYRddDDWzu114CFPM3Lv7L1B380EDIV-yMToh3olmePv57P3PZtWc6zd3onpVebp_HDU9VsWlBb2RmJoqgzJjmnNsQ4Gb9fO1QlM778GGeSZGCY2HESKynmIxKn6bOM-8clZ3wgmsGK4voqrs5Mn_X_60w3dOLNw7qf49Bd2jnCr5RCc7Qq8GWJTwkDn0Vf4Gj6_QyCX6LigZuVEkAG7QU7SemIGvPku185mYAul3iB_Bnl5S3L79ZXtUZ5ZFvA1MunO6SaNkm8eDleWKXACo1ti_M1K88dZXLPktQCpPj3oHYGitniU_E-EKmhqWRgBr6chNz6Zdx6wIip9SQFy4Rv-jMBiniZlAaCgYKAfESARASFQGOcNnCod9q8yn-_hjcakX-12zfoQ0421",
    "id_token": "eyJhbGciOiJSUzI1NiIsImtpZCI6IjdkMzM0NDk3NTA2YWNiNzRjZGVlZGFhNjYxODRkMTU1NDdmODM2OTMiLCJ0eXAiOiJKV1QifQ.eyJpc3MiOiJhY2NvdW50cy5nb29nbGUuY29tIiwiYXpwIjoiNjE4MTA0NzA4MDU0LTlyOXMxYzRhbGczNmVybGl1Y2hvOXQ1Mm4zMm42ZGdxLmFwcHMuZ29vZ2xldXNlcmNvbnRlbnQuY29tIiwiYXVkIjoiNjE4MTA0NzA4MDU0LTlyOXMxYzRhbGczNmVybGl1Y2hvOXQ1Mm4zMm42ZGdxLmFwcHMuZ29vZ2xldXNlcmNvbnRlbnQuY29tIiwic3ViIjoiMTA0MjgzNDc1NjgxNTQyMzEyMTQxIiwiZW1haWwiOiJnaW9pYXNlZ3Vyb3NAZ21haWwuY29tIiwiZW1haWxfdmVyaWZpZWQiOnRydWUsImF0X2hhc2giOiJScUV5aE1Ha2FIWUZCVFJUa3B4M1VnIiwibmJmIjoxNjk3NzI4NTI5LCJpYXQiOjE2OTc3Mjg4MjksImV4cCI6MTY5NzczMjQyOSwianRpIjoiYzczNzMyNTc3ZDczZmVkZmFlYWMzYmE1MTNiOTEzOGU1ZWEwNjc5NSJ9.NqoME7bthT9TBDII90kjNsth5IIpYk5EKL2XDrRsDR2eV5vmQY7iG5t-KEJMuMl6PepH0BMbdI0BjTn31xQVNMxYb22gAbG6gwiONkIjWJwo1x0AeovArrETx6llj64ezf_qMO6lnhOOu-HexOfRE_Qc65CaQRrX2ZTddQnjLu4pgTSpXb6NSwaJDYMD0HUMrOc8EbTmNXYUGqaTXbYK5RPlgz7bImFJ3dJe2n1bXir5zhkdJj8q97XYEO4l2gNGhIg9mK5_DMUE8-mkkCMuAI2egxSo0kjaj-df-wqS4686299h1OAVqvEIy3QezmSHJSvTy55KcJOk8Plhb61sUQ",
    "token_expiry": "2023-10-19T16:20:27Z"
  },
  "sentinels": {
    "config_sentinel": "/home/gioiaseguros/.config/gcloud/config_sentinel"
  }
}
2023-10-19 15:23:36,689 INFO     ___FILE_ONLY___ 

2023-10-19 15:23:36,690 DEBUG    root            SDK update checks are disabled.
