2023-10-19 21:48:57,107 DEBUG    root            Loaded Command Group: ['gcloud', 'config']
2023-10-19 21:48:57,110 DEBUG    root            Loaded Command Group: ['gcloud', 'config', 'config_helper']
2023-10-19 21:48:57,113 DEBUG    root            Running [gcloud.config.config-helper] with arguments: [--format: "json", --quiet: "True", --verbosity: "warning"]
2023-10-19 21:48:57,134 DEBUG    google.auth.transport.requests Making request: GET http://metadata.google.internal/computeMetadata/v1/instance/service-accounts/gioiaseguros@gmail.com/?recursive=true
2023-10-19 21:48:57,137 DEBUG    urllib3.connectionpool Starting new HTTP connection (1): metadata.google.internal:80
2023-10-19 21:48:57,140 DEBUG    urllib3.connectionpool http://metadata.google.internal:80 "GET /computeMetadata/v1/instance/service-accounts/gioiaseguros@gmail.com/?recursive=true HTTP/1.1" 200 None
2023-10-19 21:48:57,140 DEBUG    google.auth.transport.requests Making request: GET http://metadata.google.internal/computeMetadata/v1/instance/service-accounts/gioiaseguros@gmail.com/token
2023-10-19 21:48:57,142 DEBUG    urllib3.connectionpool Resetting dropped connection: metadata.google.internal
2023-10-19 21:48:57,144 DEBUG    urllib3.connectionpool http://metadata.google.internal:80 "GET /computeMetadata/v1/instance/service-accounts/gioiaseguros@gmail.com/token HTTP/1.1" 200 None
2023-10-19 21:48:57,155 DEBUG    root            Chosen display Format:default json
2023-10-19 21:48:57,156 INFO     root            Display format: "default json"
2023-10-19 21:48:57,157 INFO     ___FILE_ONLY___ {
  "configuration": {
    "active_configuration": "default",
    "properties": {
      "accessibility": {
        "screen_reader": "True"
      },
      "component_manager": {
        "disable_update_check": "True"
      },
      "compute": {
        "gce_metadata_read_timeout_sec": "30"
      },
      "container": {
        "use_application_default_credentials": "true"
      },
      "core": {
        "account": "gioiaseguros@gmail.com",
        "disable_prompts": "True",
        "disable_usage_reporting": "True",
        "print_unhandled_tracebacks": "true",
        "verbosity": "warning"
      },
      "metrics": {
        "environment": "cloudcode.vscode",
        "environment_version": "1.21.4"
      }
    }
  },
  "credential": {
    "access_token": "ya29.a0AfB_byChV9TkPyH6dxMeWRWN90_HdlnJfzvwggLOPeyhASQ15scDmBld5qHMuP3yRHTWEqrFLNYm4mkZVEHdqBPgVwrW9smDD7Bvc3hYffZHW6XftlwLGzPsrbBFp5GnwTX2jnUgXkey5NvQUMhCa3g9oheGRWxvEm25cncFVdn_y2faO1bJX4-tZxgoJpiqsrUN3a_OyYzz6BwuF7LoLioAfQ0mSbOSkzlBPxddDwl3UAwyvgpGSdLog5E7iXYkN1fCD4hQDE9QYMrq39W0E2bZFBysEkByUAX2939mzD7biQRYzqqeo5Hnl713He-s86_bL23t411bRlfRV3PBEB3bPLIcWquxW3SlqbVyVOw5y91B0ETfXGx2CJsiVFky4www6Rl12hsk6wthCOToAET3DhSHaRCDaCgYKAY4SARASFQGOcNnCMvEW-upbQPc7SdKKI_LWRw0423",
    "id_token": "eyJhbGciOiJSUzI1NiIsImtpZCI6IjdkMzM0NDk3NTA2YWNiNzRjZGVlZGFhNjYxODRkMTU1NDdmODM2OTMiLCJ0eXAiOiJKV1QifQ.eyJpc3MiOiJhY2NvdW50cy5nb29nbGUuY29tIiwiYXpwIjoiNjE4MTA0NzA4MDU0LTlyOXMxYzRhbGczNmVybGl1Y2hvOXQ1Mm4zMm42ZGdxLmFwcHMuZ29vZ2xldXNlcmNvbnRlbnQuY29tIiwiYXVkIjoiNjE4MTA0NzA4MDU0LTlyOXMxYzRhbGczNmVybGl1Y2hvOXQ1Mm4zMm42ZGdxLmFwcHMuZ29vZ2xldXNlcmNvbnRlbnQuY29tIiwic3ViIjoiMTA0MjgzNDc1NjgxNTQyMzEyMTQxIiwiZW1haWwiOiJnaW9pYXNlZ3Vyb3NAZ21haWwuY29tIiwiZW1haWxfdmVyaWZpZWQiOnRydWUsImF0X2hhc2giOiJyZ1JLSlZMSWl0VldQQVpTZ2VSVmJ3IiwibmJmIjoxNjk3NzUxODMwLCJpYXQiOjE2OTc3NTIxMzAsImV4cCI6MTY5Nzc1NTczMCwianRpIjoiNDMyNDA1YjI3MjY5OTI1YmFjMGE0N2I1YjRjYjM3NDk3OWUwMGQzZSJ9.fTC04RgmFsINbo5xOIL105wJfMFQCa24Ed2jmEEWJlP8HRAqXEwPEUvI-kr0Pg2r6S5i7hCRvAKRUqUzyGnCirEAE4x9IQKp6n_HVqRPioaYL2Wqw1RXsi0kQYT8I12PsJWncF195yUhztbrOuQ-9fmV26_xNXoGMZ9cPYl1fLaPB7MdkseM59AB6NjoNBiR4FYxIka2yIHyDppS3LAY9cUD0w-0-oMi7SX-oOtW1nW1BpggfMbYuXyTAVY2HbU9GntDc-R57LMEWIkInhBtovOIUBUi__bRakoHwIT9ZLAu2X4OtCYRKIHniJ5Bfm_k3T0NTLvMVqCn33Iobs7rQQ",
    "token_expiry": "2023-10-19T22:48:45Z"
  },
  "sentinels": {
    "config_sentinel": "/home/gioiaseguros/.config/gcloud/config_sentinel"
  }
}
2023-10-19 21:48:57,157 INFO     ___FILE_ONLY___ 

2023-10-19 21:48:57,158 DEBUG    root            SDK update checks are disabled.
